<?xml version="1.0" encoding="UTF-8"?>
<testsuite name="vinasource.com.circledraw.ExampleUnitTest" tests="1" skipped="0" failures="0" errors="0" timestamp="2016-02-02T08:56:46" hostname="MacBook-Pro.local" time="0.0">
  <properties/>
  <testcase name="addition_isCorrect" classname="vinasource.com.circledraw.ExampleUnitTest" time="0.0"/>
  <system-out><![CDATA[]]></system-out>
  <system-err><![CDATA[]]></system-err>
</testsuite>
